[debug] [2023-07-09T09:49:18.587Z] ----------------------------------------------------------------------
[debug] [2023-07-09T09:49:18.589Z] Command:       C:\Program Files\nodejs\node.exe C:\Users\Akash\AppData\Roaming\npm\node_modules\firebase-tools\lib\bin\firebase.js login
[debug] [2023-07-09T09:49:18.589Z] CLI Version:   12.4.3
[debug] [2023-07-09T09:49:18.590Z] Platform:      win32
[debug] [2023-07-09T09:49:18.590Z] Node Version:  v20.2.0
[debug] [2023-07-09T09:49:18.590Z] Time:          Sun Jul 09 2023 15:19:18 GMT+0530 (India Standard Time)
[debug] [2023-07-09T09:49:18.590Z] ----------------------------------------------------------------------
[debug] 
[debug] [2023-07-09T09:49:18.593Z] >>> [apiv2][query] GET https://firebase-public.firebaseio.com/cli.json [none]
[info] i  Firebase optionally collects CLI and Emulator Suite usage and error reporting information to help improve our products. Data is collected in accordance with Google's privacy policy (https://policies.google.com/privacy) and is not used to identify you.
 
[debug] [2023-07-09T09:49:19.701Z] <<< [apiv2][status] GET https://firebase-public.firebaseio.com/cli.json 200
[debug] [2023-07-09T09:49:19.701Z] <<< [apiv2][body] GET https://firebase-public.firebaseio.com/cli.json {"cloudBuildErrorAfter":1594252800000,"cloudBuildWarnAfter":1590019200000,"defaultNode10After":1594252800000,"minVersion":"3.0.5","node8DeploysDisabledAfter":1613390400000,"node8RuntimeDisabledAfter":1615809600000,"node8WarnAfter":1600128000000}
[info] i  To change your data collection preference at any time, run `firebase logout` and log in again. 
[info] 
[info] Visit this URL on this device to log in:
[info] https://accounts.google.com/o/oauth2/auth?client_id=563584335869-fgrhgmd47bqnekij5i8b5pr03ho849e6.apps.googleusercontent.com&scope=email%20openid%20https%3A%2F%2Fwww.googleapis.com%2Fauth%2Fcloudplatformprojects.readonly%20https%3A%2F%2Fwww.googleapis.com%2Fauth%2Ffirebase%20https%3A%2F%2Fwww.googleapis.com%2Fauth%2Fcloud-platform&response_type=code&state=761717951&redirect_uri=http%3A%2F%2Flocalhost%3A9005
[info] 
[info] Waiting for authentication...
[debug] [2023-07-09T09:49:22.549Z] Error: spawn cmd ENOENT
    at ChildProcess._handle.onexit (node:internal/child_process:285:19)
    at onErrorNT (node:internal/child_process:483:16)
    at process.processTicksAndRejections (node:internal/process/task_queues:82:21)
[error] 
[error] Error: An unexpected error has occurred.
[debug] [2023-07-09T09:49:48.581Z] ----------------------------------------------------------------------
[debug] [2023-07-09T09:49:48.583Z] Command:       C:\Program Files\nodejs\node.exe C:\Users\Akash\AppData\Roaming\npm\node_modules\firebase-tools\lib\bin\firebase.js login
[debug] [2023-07-09T09:49:48.584Z] CLI Version:   12.4.3
[debug] [2023-07-09T09:49:48.584Z] Platform:      win32
[debug] [2023-07-09T09:49:48.584Z] Node Version:  v20.2.0
[debug] [2023-07-09T09:49:48.584Z] Time:          Sun Jul 09 2023 15:19:48 GMT+0530 (India Standard Time)
[debug] [2023-07-09T09:49:48.584Z] ----------------------------------------------------------------------
[debug] 
[info] i  Firebase optionally collects CLI and Emulator Suite usage and error reporting information to help improve our products. Data is collected in accordance with Google's privacy policy (https://policies.google.com/privacy) and is not used to identify you.
 
[info] i  To change your data collection preference at any time, run `firebase logout` and log in again. 
[info] 
[info] Visit this URL on this device to log in:
[info] https://accounts.google.com/o/oauth2/auth?client_id=563584335869-fgrhgmd47bqnekij5i8b5pr03ho849e6.apps.googleusercontent.com&scope=email%20openid%20https%3A%2F%2Fwww.googleapis.com%2Fauth%2Fcloudplatformprojects.readonly%20https%3A%2F%2Fwww.googleapis.com%2Fauth%2Ffirebase%20https%3A%2F%2Fwww.googleapis.com%2Fauth%2Fcloud-platform&response_type=code&state=61108453&redirect_uri=http%3A%2F%2Flocalhost%3A9005
[info] 
[info] Waiting for authentication...
[debug] [2023-07-09T09:49:51.598Z] Error: spawn cmd ENOENT
    at ChildProcess._handle.onexit (node:internal/child_process:285:19)
    at onErrorNT (node:internal/child_process:483:16)
    at process.processTicksAndRejections (node:internal/process/task_queues:82:21)
[error] 
[error] Error: An unexpected error has occurred.
[debug] [2023-07-09T09:54:00.062Z] ----------------------------------------------------------------------
[debug] [2023-07-09T09:54:00.077Z] Command:       C:\Program Files\nodejs\node.exe C:\Users\Akash\AppData\Roaming\npm\node_modules\firebase-tools\lib\bin\firebase.js login
[debug] [2023-07-09T09:54:00.078Z] CLI Version:   12.4.3
[debug] [2023-07-09T09:54:00.078Z] Platform:      win32
[debug] [2023-07-09T09:54:00.079Z] Node Version:  v20.2.0
[debug] [2023-07-09T09:54:00.079Z] Time:          Sun Jul 09 2023 15:24:00 GMT+0530 (India Standard Time)
[debug] [2023-07-09T09:54:00.080Z] ----------------------------------------------------------------------
[debug] 
[info] i  Firebase optionally collects CLI and Emulator Suite usage and error reporting information to help improve our products. Data is collected in accordance with Google's privacy policy (https://policies.google.com/privacy) and is not used to identify you.
 
[info] i  To change your data collection preference at any time, run `firebase logout` and log in again. 
[info] 
[info] Visit this URL on this device to log in:
[info] https://accounts.google.com/o/oauth2/auth?client_id=563584335869-fgrhgmd47bqnekij5i8b5pr03ho849e6.apps.googleusercontent.com&scope=email%20openid%20https%3A%2F%2Fwww.googleapis.com%2Fauth%2Fcloudplatformprojects.readonly%20https%3A%2F%2Fwww.googleapis.com%2Fauth%2Ffirebase%20https%3A%2F%2Fwww.googleapis.com%2Fauth%2Fcloud-platform&response_type=code&state=548366481&redirect_uri=http%3A%2F%2Flocalhost%3A9005
[info] 
[info] Waiting for authentication...
[debug] [2023-07-09T09:54:03.502Z] Error: spawn cmd ENOENT
    at ChildProcess._handle.onexit (node:internal/child_process:285:19)
    at onErrorNT (node:internal/child_process:483:16)
    at process.processTicksAndRejections (node:internal/process/task_queues:82:21)
[error] 
[error] Error: An unexpected error has occurred.
